This is pdfTeX, Version 3.14159265-2.6-1.40.19 (TeX Live 2018/W32TeX) (preloaded format=pdflatex 2018.6.7)  8 NOV 2018 11:10
entering extended mode
 restricted \write18 enabled.
 file:line:error style messages enabled.
 %&-line parsing enabled.
**dubinsSReachPointDemo.tex
(./dubinsSReachPointDemo.tex
LaTeX2e <2018-04-01> patch level 5
(c:/texlive/2018/texmf-dist/tex/latex/base/article.cls
Document Class: article 2014/09/29 v1.4h Standard LaTeX document class
(c:/texlive/2018/texmf-dist/tex/latex/base/size10.clo
File: size10.clo 2014/09/29 v1.4h Standard LaTeX file (size option)
)
\c@part=\count80
\c@section=\count81
\c@subsection=\count82
\c@subsubsection=\count83
\c@paragraph=\count84
\c@subparagraph=\count85
\c@figure=\count86
\c@table=\count87
\abovecaptionskip=\skip41
\belowcaptionskip=\skip42
\bibindent=\dimen102
) (c:/texlive/2018/texmf-dist/tex/latex/graphics/graphicx.sty
Package: graphicx 2017/06/01 v1.1a Enhanced LaTeX Graphics (DPC,SPQR)
 (c:/texlive/2018/texmf-dist/tex/latex/graphics/keyval.sty
Package: keyval 2014/10/28 v1.15 key=value parser (DPC)
\KV@toks@=\toks14
) (c:/texlive/2018/texmf-dist/tex/latex/graphics/graphics.sty
Package: graphics 2017/06/25 v1.2c Standard LaTeX Graphics (DPC,SPQR)
 (c:/texlive/2018/texmf-dist/tex/latex/graphics/trig.sty
Package: trig 2016/01/03 v1.10 sin cos tan (DPC)
) (c:/texlive/2018/texmf-dist/tex/latex/graphics-cfg/graphics.cfg
File: graphics.cfg 2016/06/04 v1.11 sample graphics configuration
)
Package graphics Info: Driver file: pdftex.def on input line 99.
 (c:/texlive/2018/texmf-dist/tex/latex/graphics-def/pdftex.def
File: pdftex.def 2018/01/08 v1.0l Graphics/color driver for pdftex
))
\Gin@req@height=\dimen103
\Gin@req@width=\dimen104
) (c:/texlive/2018/texmf-dist/tex/latex/graphics/color.sty
Package: color 2016/07/10 v1.1e Standard LaTeX Color (DPC)
 (c:/texlive/2018/texmf-dist/tex/latex/graphics-cfg/color.cfg
File: color.cfg 2016/01/02 v1.6 sample color configuration
)
Package color Info: Driver file: pdftex.def on input line 147.
) (./dubinsSReachPointDemo.aux)
\openout1 = `dubinsSReachPointDemo.aux'.

LaTeX Font Info:    Checking defaults for OML/cmm/m/it on input line 13.
LaTeX Font Info:    ... okay on input line 13.
LaTeX Font Info:    Checking defaults for T1/cmr/m/n on input line 13.
LaTeX Font Info:    ... okay on input line 13.
LaTeX Font Info:    Checking defaults for OT1/cmr/m/n on input line 13.
LaTeX Font Info:    ... okay on input line 13.
LaTeX Font Info:    Checking defaults for OMS/cmsy/m/n on input line 13.
LaTeX Font Info:    ... okay on input line 13.
LaTeX Font Info:    Checking defaults for OMX/cmex/m/n on input line 13.
LaTeX Font Info:    ... okay on input line 13.
LaTeX Font Info:    Checking defaults for U/cmr/m/n on input line 13.
LaTeX Font Info:    ... okay on input line 13.
 (c:/texlive/2018/texmf-dist/tex/context/base/mkii/supp-pdf.mkii
[Loading MPS to PDF converter (version 2006.09.02).]
\scratchcounter=\count88
\scratchdimen=\dimen105
\scratchbox=\box26
\nofMPsegments=\count89
\nofMParguments=\count90
\everyMPshowfont=\toks15
\MPscratchCnt=\count91
\MPscratchDim=\dimen106
\MPnumerator=\count92
\makeMPintoPDFobject=\count93
\everyMPtoPDFconversion=\toks16
) (c:/texlive/2018/texmf-dist/tex/latex/oberdiek/epstopdf-base.sty
Package: epstopdf-base 2016/05/15 v2.6 Base part for package epstopdf
 (c:/texlive/2018/texmf-dist/tex/generic/oberdiek/infwarerr.sty
Package: infwarerr 2016/05/16 v1.4 Providing info/warning/error messages (HO)
) (c:/texlive/2018/texmf-dist/tex/latex/oberdiek/grfext.sty
Package: grfext 2016/05/16 v1.2 Manage graphics extensions (HO)
 (c:/texlive/2018/texmf-dist/tex/generic/oberdiek/kvdefinekeys.sty
Package: kvdefinekeys 2016/05/16 v1.4 Define keys (HO)
 (c:/texlive/2018/texmf-dist/tex/generic/oberdiek/ltxcmds.sty
Package: ltxcmds 2016/05/16 v1.23 LaTeX kernel commands for general use (HO)
))) (c:/texlive/2018/texmf-dist/tex/latex/oberdiek/kvoptions.sty
Package: kvoptions 2016/05/16 v3.12 Key value format for package options (HO)
 (c:/texlive/2018/texmf-dist/tex/generic/oberdiek/kvsetkeys.sty
Package: kvsetkeys 2016/05/16 v1.17 Key value parser (HO)
 (c:/texlive/2018/texmf-dist/tex/generic/oberdiek/etexcmds.sty
Package: etexcmds 2016/05/16 v1.6 Avoid name clashes with e-TeX commands (HO)
 (c:/texlive/2018/texmf-dist/tex/generic/oberdiek/ifluatex.sty
Package: ifluatex 2016/05/16 v1.4 Provides the ifluatex switch (HO)
Package ifluatex Info: LuaTeX not detected.
)
Package etexcmds Info: Could not find \expanded.
(etexcmds)             That can mean that you are not using pdfTeX 1.50 or
(etexcmds)             that some package has redefined \expanded.
(etexcmds)             In the latter case, load this package earlier.
))) (c:/texlive/2018/texmf-dist/tex/generic/oberdiek/pdftexcmds.sty
Package: pdftexcmds 2018/01/30 v0.27 Utility functions of pdfTeX for LuaTeX (HO)
 (c:/texlive/2018/texmf-dist/tex/generic/oberdiek/ifpdf.sty
Package: ifpdf 2017/03/15 v3.2 Provides the ifpdf switch
)
Package pdftexcmds Info: LuaTeX not detected.
Package pdftexcmds Info: \pdf@primitive is available.
Package pdftexcmds Info: \pdf@ifprimitive is available.
Package pdftexcmds Info: \pdfdraftmode found.
)
Package epstopdf-base Info: Redefining graphics rule for `.eps' on input line 438.
Package grfext Info: Graphics extension search list:
(grfext)             [.pdf,.png,.jpg,.mps,.jpeg,.jbig2,.jb2,.PDF,.PNG,.JPG,.JPEG,.JBIG2,.JB2,.eps]
(grfext)             \AppendGraphicsExtensions on input line 456.
 (c:/texlive/2018/texmf-dist/tex/latex/latexconfig/epstopdf-sys.cfg
File: epstopdf-sys.cfg 2010/07/13 v1.3 Configuration of (r)epstopdf for TeX Live
))
LaTeX Font Info:    Try loading font information for OMS+cmr on input line 21.
 (c:/texlive/2018/texmf-dist/tex/latex/base/omscmr.fd
File: omscmr.fd 2014/09/29 v2.5h Standard LaTeX font definitions
)
LaTeX Font Info:    Font shape `OMS/cmr/m/n' in size <10> not available
(Font)              Font shape `OMS/cmsy/m/n' tried instead on input line 21.
 [1

{c:/texlive/2018/texmf-var/fonts/map/pdftex/updmap/pdftex.map}]
LaTeX Font Info:    External font `cmex10' loaded for size
(Font)              <7> on input line 67.
LaTeX Font Info:    External font `cmex10' loaded for size
(Font)              <5> on input line 67.

Overfull \hbox (64.49643pt too wide) in paragraph at lines 97--97
[]\OT1/cmtt/m/n/10 n_mcarlo_sims = 1e5;                        % Monte-Carlo simulation particles[] 
 []

[2]
Overfull \hbox (74.99634pt too wide) in paragraph at lines 97--97
[]\OT1/cmtt/m/n/10 [sys, heading_vec] = getDubinsCarLtv('add-dist', turning_rate, init_heading, ...[] 
 []


Overfull \hbox (69.74638pt too wide) in paragraph at lines 138--138
[]\OT1/cmtt/m/n/10 v_nominal = umax * 3/2;                 % Nominal trajectory's heading velocity[] 
 []


Overfull \hbox (32.9967pt too wide) in paragraph at lines 138--138
[]\OT1/cmtt/m/n/10 time_const = 1/2*time_horizon;          % Time constant characterize the[] 
 []


Overfull \hbox (74.99634pt too wide) in paragraph at lines 138--138
[]                                        \OT1/cmtt/m/n/10 % exponentially decaying box half-length[] 
 []


Overfull \hbox (69.74638pt too wide) in paragraph at lines 138--138
[]\OT1/cmtt/m/n/10 angle_at_the_center=(heading_vec)-pi/2; % Box center angle wrt x-axis at origin[] 
 []


Overfull \hbox (43.49661pt too wide) in paragraph at lines 138--138
[]\OT1/cmtt/m/n/10 target_tube_cell = cell(time_horizon + 1,1); % Vector to store target sets[] 
 []


Overfull \hbox (22.4968pt too wide) in paragraph at lines 138--138
[]\OT1/cmtt/m/n/10 center_box = zeros(2, time_horizon + 1); % Vector to store box centers[] 
 []


Overfull \hbox (17.24684pt too wide) in paragraph at lines 138--138
[]        \OT1/cmtt/m/n/10 [cos(angle_at_the_center(itt+1))-cos(angle_at_the_center(1));[] 
 []


Overfull \hbox (22.4968pt too wide) in paragraph at lines 138--138
[]         \OT1/cmtt/m/n/10 sin(angle_at_the_center(itt+1))-sin(angle_at_the_center(1))];[] 
 []


Overfull \hbox (74.99634pt too wide) in paragraph at lines 138--138
[]        \OT1/cmtt/m/n/10 'lb',center_box(:, itt+1) -box_halflength_at_0*exp(- itt/time_const),...[] 
 []


Overfull \hbox (74.99634pt too wide) in paragraph at lines 138--138
[]        \OT1/cmtt/m/n/10 'ub', center_box(:, itt+1) + box_halflength_at_0*exp(- itt/time_const));[] 
 []

Package epstopdf Info: Source file: <dubinsSReachPointDemo_01.eps>
(epstopdf)                    date: 2018-11-08 11:10:10
(epstopdf)                    size: 279862 bytes
(epstopdf)             Output file: <dubinsSReachPointDemo_01-eps-converted-to.pdf>
(epstopdf)                    date: 2018-11-08 11:10:50
(epstopdf)                    size: 33395 bytes
(epstopdf)             Command: <repstopdf --outfile=dubinsSReachPointDemo_01-eps-converted-to.pdf dubinsSReachPointDemo_01.eps>
(epstopdf)             \includegraphics on input line 140.
Package epstopdf Info: Output file is already uptodate.
<dubinsSReachPointDemo_01-eps-converted-to.pdf, id=18, 422.57875pt x 317.185pt>
File: dubinsSReachPointDemo_01-eps-converted-to.pdf Graphic file (type pdf)
<use dubinsSReachPointDemo_01-eps-converted-to.pdf>
Package pdftex.def Info: dubinsSReachPointDemo_01-eps-converted-to.pdf  used on input line 140.
(pdftex.def)             Requested size: 289.07999pt x 216.98485pt.
[3] [4 <./dubinsSReachPointDemo_01-eps-converted-to.pdf>] [5]
Overfull \hbox (11.99689pt too wide) in paragraph at lines 210--210
[]\OT1/cmtt/m/n/10 % Compute the mean trajectory of the concatenated disturbance vector[] 
 []

LaTeX Font Info:    Font shape `OT1/cmtt/bx/n' in size <12> not available
(Font)              Font shape `OT1/cmtt/m/n' tried instead on input line 213.

Overfull \hbox (22.4968pt too wide) in paragraph at lines 247--247
[]    \OT1/cmtt/m/n/10 % Set the maximum piecewise-affine overapproximation error to 1e-3[] 
 []


Overfull \hbox (38.24666pt too wide) in paragraph at lines 247--247
[]    \OT1/cmtt/m/n/10 opts = SReachPointOptions('term', 'chance-open','pwa_accuracy',1e-3);[] 
 []


Overfull \hbox (48.74657pt too wide) in paragraph at lines 247--247
[]    \OT1/cmtt/m/n/10 [prob_chance_open, opt_input_vec_chance_open] = SReachPoint('term', ...[] 
 []


Overfull \hbox (27.74675pt too wide) in paragraph at lines 247--247
[]        \OT1/cmtt/m/n/10 'chance-open', sys, init_state_chance_open, target_tube, opts);[] 
 []

[6]
Overfull \hbox (27.74675pt too wide) in paragraph at lines 247--247
[]        \OT1/cmtt/m/n/10 opt_mean_traj_chance_open = reshape(opt_mean_X_chance_open, ...[] 
 []


Overfull \hbox (53.99652pt too wide) in paragraph at lines 247--247
[]        \OT1/cmtt/m/n/10 concat_state_realization = generateMonteCarloSims(n_mcarlo_sims, ...[] 
 []


Overfull \hbox (27.74675pt too wide) in paragraph at lines 247--247
[]        \OT1/cmtt/m/n/10 mcarlo_result = target_tube.contains(concat_state_realization);[] 
 []


Overfull \hbox (22.4968pt too wide) in paragraph at lines 247--247
[]        \OT1/cmtt/m/n/10 simulated_prob_chance_open = sum(mcarlo_result)/n_mcarlo_sims;[] 
 []


Overfull \hbox (74.99634pt too wide) in paragraph at lines 247--247
[]    \OT1/cmtt/m/n/10 fprintf('SReachPoint underapprox. prob: %1.2f | Simulated prob: %1.2f\n',...[] 
 []


Overfull \hbox (6.74693pt too wide) in paragraph at lines 247--247
[]    \OT1/cmtt/m/n/10 fprintf('Computation time: %1.3f\n', elapsed_time_chance_open);[] 
 []


Overfull \hbox (48.74657pt too wide) in paragraph at lines 284--284
[]    \OT1/cmtt/m/n/10 [prob_genzps_open, opt_input_vec_genzps_open] = SReachPoint('term', ...[] 
 []


Overfull \hbox (27.74675pt too wide) in paragraph at lines 284--284
[]        \OT1/cmtt/m/n/10 'genzps-open', sys, init_state_genzps_open, target_tube, opts);[] 
 []


Overfull \hbox (1.49698pt too wide) in paragraph at lines 284--284
[]        \OT1/cmtt/m/n/10 opt_mean_X_genzps_open =  Z * init_state_genzps_open + ...[] 
 []


Overfull \hbox (22.4968pt too wide) in paragraph at lines 284--284
[]        \OT1/cmtt/m/n/10 opt_mean_traj_genzps_open= reshape(opt_mean_X_genzps_open, ...[] 
 []

[7]
Overfull \hbox (53.99652pt too wide) in paragraph at lines 284--284
[]        \OT1/cmtt/m/n/10 concat_state_realization = generateMonteCarloSims(n_mcarlo_sims, ...[] 
 []


Overfull \hbox (27.74675pt too wide) in paragraph at lines 284--284
[]        \OT1/cmtt/m/n/10 mcarlo_result = target_tube.contains(concat_state_realization);[] 
 []


Overfull \hbox (22.4968pt too wide) in paragraph at lines 284--284
[]        \OT1/cmtt/m/n/10 simulated_prob_genzps_open = sum(mcarlo_result)/n_mcarlo_sims;[] 
 []


Overfull \hbox (74.99634pt too wide) in paragraph at lines 284--284
[]    \OT1/cmtt/m/n/10 fprintf('SReachPoint underapprox. prob: %1.2f | Simulated prob: %1.2f\n',...[] 
 []


Overfull \hbox (11.99689pt too wide) in paragraph at lines 321--321
[]    \OT1/cmtt/m/n/10 opts = SReachPointOptions('term','particle-open','verbose',1,...[] 
 []


Overfull \hbox (69.74638pt too wide) in paragraph at lines 321--321
[]    \OT1/cmtt/m/n/10 [prob_particle_open, opt_input_vec_particle_open] = SReachPoint('term', ...[] 
 []


Overfull \hbox (48.74657pt too wide) in paragraph at lines 321--321
[]        \OT1/cmtt/m/n/10 'particle-open', sys, init_state_particle_open, target_tube, opts);[] 
 []


Overfull \hbox (22.4968pt too wide) in paragraph at lines 321--321
[]        \OT1/cmtt/m/n/10 opt_mean_X_particle_open =  Z * init_state_particle_open + ...[] 
 []


Overfull \hbox (53.99652pt too wide) in paragraph at lines 321--321
[]        \OT1/cmtt/m/n/10 concat_state_realization = generateMonteCarloSims(n_mcarlo_sims, ...[] 
 []


Overfull \hbox (27.74675pt too wide) in paragraph at lines 321--321
[]        \OT1/cmtt/m/n/10 mcarlo_result = target_tube.contains(concat_state_realization);[] 
 []


Overfull \hbox (32.9967pt too wide) in paragraph at lines 321--321
[]        \OT1/cmtt/m/n/10 simulated_prob_particle_open = sum(mcarlo_result)/n_mcarlo_sims;[] 
 []

[8]
Overfull \hbox (48.74657pt too wide) in paragraph at lines 321--321
[]    \OT1/cmtt/m/n/10 fprintf('SReachPoint approx. prob: %1.2f | Simulated prob: %1.2f\n',...[] 
 []


Overfull \hbox (6.74693pt too wide) in paragraph at lines 358--358
[]    \OT1/cmtt/m/n/10 opts = SReachPointOptions('term','voronoi-open','verbose',1,...[] 
 []


Overfull \hbox (17.24684pt too wide) in paragraph at lines 358--358
[]        \OT1/cmtt/m/n/10 'max_overapprox_err', 1e-3, 'undersampling_fraction', 0.001);[] 
 []


Overfull \hbox (59.24648pt too wide) in paragraph at lines 358--358
[]    \OT1/cmtt/m/n/10 [prob_voronoi_open, opt_input_vec_voronoi_open] = SReachPoint('term', ...[] 
 []


Overfull \hbox (38.24666pt too wide) in paragraph at lines 358--358
[]        \OT1/cmtt/m/n/10 'voronoi-open', sys, init_state_voronoi_open, target_tube, opts);[] 
 []


Overfull \hbox (11.99689pt too wide) in paragraph at lines 358--358
[]        \OT1/cmtt/m/n/10 opt_mean_X_voronoi_open =  Z * init_state_voronoi_open + ...[] 
 []


Overfull \hbox (53.99652pt too wide) in paragraph at lines 358--358
[]        \OT1/cmtt/m/n/10 concat_state_realization = generateMonteCarloSims(n_mcarlo_sims, ...[] 
 []


Overfull \hbox (27.74675pt too wide) in paragraph at lines 358--358
[]        \OT1/cmtt/m/n/10 mcarlo_result = target_tube.contains(concat_state_realization);[] 
 []


Overfull \hbox (27.74675pt too wide) in paragraph at lines 358--358
[]        \OT1/cmtt/m/n/10 simulated_prob_voronoi_open = sum(mcarlo_result)/n_mcarlo_sims;[] 
 []

[9]
Overfull \hbox (48.74657pt too wide) in paragraph at lines 358--358
[]    \OT1/cmtt/m/n/10 fprintf('SReachPoint approx. prob: %1.2f | Simulated prob: %1.2f\n',...[] 
 []


Overfull \hbox (69.74638pt too wide) in paragraph at lines 397--397
[]        \OT1/cmtt/m/n/10 opt_input_gain_chance_affine] = SReachPoint('term', 'chance-affine',...[] 
 []


Overfull \hbox (11.99689pt too wide) in paragraph at lines 397--397
[]        \OT1/cmtt/m/n/10 opt_mean_X_chance_affine = Z * init_state_chance_affine +...[] 
 []


Overfull \hbox (48.74657pt too wide) in paragraph at lines 397--397
[]        \OT1/cmtt/m/n/10 opt_mean_traj_chance_affine = reshape(opt_mean_X_chance_affine, ...[] 
 []


Overfull \hbox (53.99652pt too wide) in paragraph at lines 397--397
[]        \OT1/cmtt/m/n/10 concat_state_realization = generateMonteCarloSims(n_mcarlo_sims, ...[] 
 []


Overfull \hbox (27.74675pt too wide) in paragraph at lines 397--397
[]            \OT1/cmtt/m/n/10 opt_input_vec_chance_affine, opt_input_gain_chance_affine);[] 
 []


Overfull \hbox (27.74675pt too wide) in paragraph at lines 397--397
[]        \OT1/cmtt/m/n/10 mcarlo_result = target_tube.contains(concat_state_realization);[] 
 []


Overfull \hbox (32.9967pt too wide) in paragraph at lines 397--397
[]        \OT1/cmtt/m/n/10 simulated_prob_chance_affine = sum(mcarlo_result)/n_mcarlo_sims;[] 
 []

[10]
Overfull \hbox (74.99634pt too wide) in paragraph at lines 397--397
[]    \OT1/cmtt/m/n/10 fprintf('SReachPoint underapprox. prob: %1.2f | Simulated prob: %1.2f\n',...[] 
 []


Overfull \hbox (17.24684pt too wide) in paragraph at lines 397--397
[]    \OT1/cmtt/m/n/10 fprintf('Computation time: %1.3f\n', elapsed_time_chance_affine);[] 
 []


Overfull \hbox (43.49661pt too wide) in paragraph at lines 464--464
[]        \OT1/cmtt/m/n/10 h_target_tube = plot(target_tube_cell{1},'alpha',0.5,'color','y');[] 
 []


Overfull \hbox (69.74638pt too wide) in paragraph at lines 464--464
[]        \OT1/cmtt/m/n/10 plot(target_tube_cell{itt+1},'alpha',0.08,'LineStyle',':','color','y');[] 
 []


Overfull \hbox (59.24648pt too wide) in paragraph at lines 464--464
[]\OT1/cmtt/m/n/10 h_nominal_traj = scatter(center_box(1,:), center_box(2,:), 50,'ks','filled');[] 
 []


Overfull \hbox (43.49661pt too wide) in paragraph at lines 464--464
[]          \OT1/cmtt/m/n/10 [init_state_chance_open(1), opt_mean_traj_chance_open(1,:)], ...[] 
 []


Overfull \hbox (43.49661pt too wide) in paragraph at lines 464--464
[]          \OT1/cmtt/m/n/10 [init_state_chance_open(2), opt_mean_traj_chance_open(2,:)], ...[] 
 []


Overfull \hbox (59.24648pt too wide) in paragraph at lines 464--464
[]          \OT1/cmtt/m/n/10 30, 'bo', 'filled','DisplayName', 'Mean trajectory (chance-open)');[] 
 []


Overfull \hbox (43.49661pt too wide) in paragraph at lines 464--464
[]          \OT1/cmtt/m/n/10 [init_state_genzps_open(1), opt_mean_traj_genzps_open(1,:)], ...[] 
 []


Overfull \hbox (43.49661pt too wide) in paragraph at lines 464--464
[]          \OT1/cmtt/m/n/10 [init_state_genzps_open(2), opt_mean_traj_genzps_open(2,:)], ...[] 
 []


Overfull \hbox (6.74693pt too wide) in paragraph at lines 464--464
[]          \OT1/cmtt/m/n/10 30, 'kd','DisplayName', 'Mean trajectory (genzps-open)');[] 
 []


Overfull \hbox (64.49643pt too wide) in paragraph at lines 464--464
[]          \OT1/cmtt/m/n/10 [init_state_particle_open(1), opt_mean_traj_particle_open(1,:)], ...[] 
 []


Overfull \hbox (64.49643pt too wide) in paragraph at lines 464--464
[]          \OT1/cmtt/m/n/10 [init_state_particle_open(2), opt_mean_traj_particle_open(2,:)], ...[] 
 []

[11]
Overfull \hbox (69.74638pt too wide) in paragraph at lines 464--464
[]          \OT1/cmtt/m/n/10 30, 'r^', 'filled','DisplayName', 'Mean trajectory (particle-open)');[] 
 []


Overfull \hbox (53.99652pt too wide) in paragraph at lines 464--464
[]          \OT1/cmtt/m/n/10 [init_state_voronoi_open(1), opt_mean_traj_voronoi_open(1,:)], ...[] 
 []


Overfull \hbox (53.99652pt too wide) in paragraph at lines 464--464
[]          \OT1/cmtt/m/n/10 [init_state_voronoi_open(2), opt_mean_traj_voronoi_open(2,:)], ...[] 
 []


Overfull \hbox (64.49643pt too wide) in paragraph at lines 464--464
[]          \OT1/cmtt/m/n/10 30, 'r^', 'filled','DisplayName', 'Mean trajectory (voronoi-open)');[] 
 []


Overfull \hbox (64.49643pt too wide) in paragraph at lines 464--464
[]          \OT1/cmtt/m/n/10 [init_state_chance_affine(1), opt_mean_traj_chance_affine(1,:)], ...[] 
 []


Overfull \hbox (64.49643pt too wide) in paragraph at lines 464--464
[]          \OT1/cmtt/m/n/10 [init_state_chance_affine(2), opt_mean_traj_chance_affine(2,:)], ...[] 
 []


Overfull \hbox (69.74638pt too wide) in paragraph at lines 464--464
[]          \OT1/cmtt/m/n/10 30, 'ms', 'filled','DisplayName', 'Mean trajectory (chance-affine)');[] 
 []


Overfull \hbox (53.99652pt too wide) in paragraph at lines 464--464
[]\OT1/cmtt/m/n/10 legend(h_vec, legend_cell, 'Location','EastOutside', 'interpreter','latex');[] 
 []

Package epstopdf Info: Source file: <dubinsSReachPointDemo_02.eps>
(epstopdf)                    date: 2018-11-08 11:10:11
(epstopdf)                    size: 323557 bytes
(epstopdf)             Output file: <dubinsSReachPointDemo_02-eps-converted-to.pdf>
(epstopdf)                    date: 2018-11-08 11:10:51
(epstopdf)                    size: 59127 bytes
(epstopdf)             Command: <repstopdf --outfile=dubinsSReachPointDemo_02-eps-converted-to.pdf dubinsSReachPointDemo_02.eps>
(epstopdf)             \includegraphics on input line 466.
Package epstopdf Info: Output file is already uptodate.
<dubinsSReachPointDemo_02-eps-converted-to.pdf, id=57, 422.57875pt x 317.185pt>
File: dubinsSReachPointDemo_02-eps-converted-to.pdf Graphic file (type pdf)
<use dubinsSReachPointDemo_02-eps-converted-to.pdf>
Package pdftex.def Info: dubinsSReachPointDemo_02-eps-converted-to.pdf  used on input line 466.
(pdftex.def)             Requested size: 289.07999pt x 216.98485pt.
[12 <./dubinsSReachPointDemo_02-eps-converted-to.pdf>] (./dubinsSReachPointDemo.aux) ) 
Here is how much of TeX's memory you used:
 1497 strings out of 492646
 21908 string characters out of 6133326
 87330 words of memory out of 5000000
 5388 multiletter control sequences out of 15000+600000
 4890 words of font info for 19 fonts, out of 8000000 for 9000
 1141 hyphenation exceptions out of 8191
 41i,5n,25p,987b,259s stack positions out of 5000i,500n,10000p,200000b,80000s
<c:/texlive/2018/texmf-dist/fonts/type1/public/amsfonts/cm/cmbx10.pfb><c:/texlive/2018/texmf-dist/fonts/type1/public/amsfonts/cm/cmbx12.pfb><c:/texlive/2018/texmf-dist/fonts/type1/public/amsfonts/cm/cmex10.pfb><c:/texlive/2018/texmf-dist/fonts/type1/public/amsfonts/cm/cmmi10.pfb><c:/texlive/2018/texmf-dist/fonts/type1/public/amsfonts/cm/cmmi5.pfb><c:/texlive/2018/texmf-dist/fonts/type1/public/amsfonts/cm/cmmi7.pfb><c:/texlive/2018/texmf-dist/fonts/type1/public/amsfonts/cm/cmr10.pfb><c:/texlive/2018/texmf-dist/fonts/type1/public/amsfonts/cm/cmr5.pfb><c:/texlive/2018/texmf-dist/fonts/type1/public/amsfonts/cm/cmr7.pfb><c:/texlive/2018/texmf-dist/fonts/type1/public/amsfonts/cm/cmsy10.pfb><c:/texlive/2018/texmf-dist/fonts/type1/public/amsfonts/cm/cmsy7.pfb><c:/texlive/2018/texmf-dist/fonts/type1/public/amsfonts/cm/cmtt10.pfb><c:/texlive/2018/texmf-dist/fonts/type1/public/amsfonts/cm/cmtt12.pfb>
Output written on dubinsSReachPointDemo.pdf (12 pages, 255328 bytes).
PDF statistics:
 109 PDF objects out of 1000 (max. 8388607)
 71 compressed objects within 1 object stream
 0 named destinations out of 1000 (max. 500000)
 11 words of extra memory for PDF output out of 10000 (max. 10000000)

